<?xml version="1.0" encoding="UTF-8"?>
<coverage generated="1726022500139" clover="3.2.0">
  <project timestamp="1726022500139" name="All files">
    <metrics statements="30" coveredstatements="30" conditionals="2" coveredconditionals="2" methods="7" coveredmethods="7" elements="39" coveredelements="39" complexity="0" loc="30" ncloc="30" packages="1" files="1" classes="1"/>
    <file name="index.spec.js" path="G:\项目\vis-three\packages\test\cypress\integration\e2e\index.spec.js">
      <metrics statements="30" coveredstatements="30" conditionals="2" coveredconditionals="2" methods="7" coveredmethods="7"/>
      <line num="1" count="1" type="stmt"/>
      <line num="2" count="1" type="stmt"/>
      <line num="3" count="1" type="stmt"/>
      <line num="6" count="1" type="stmt"/>
      <line num="7" count="1" type="stmt"/>
      <line num="8" count="1" type="stmt"/>
      <line num="10" count="1" type="stmt"/>
      <line num="12" count="1" type="stmt"/>
      <line num="13" count="94" type="stmt"/>
      <line num="15" count="1" type="stmt"/>
      <line num="16" count="47" type="stmt"/>
      <line num="17" count="47" type="stmt"/>
      <line num="19" count="47" type="stmt"/>
      <line num="21" count="47" type="stmt"/>
      <line num="23" count="47" type="stmt"/>
      <line num="24" count="47" type="stmt"/>
      <line num="26" count="47" type="stmt"/>
      <line num="27" count="47" type="stmt"/>
      <line num="29" count="47" type="stmt"/>
      <line num="30" count="47" type="stmt"/>
      <line num="32" count="47" type="stmt"/>
      <line num="33" count="47" type="stmt"/>
      <line num="34" count="47" type="stmt"/>
      <line num="35" count="47" type="stmt"/>
      <line num="38" count="47" type="stmt"/>
      <line num="39" count="47" type="stmt"/>
      <line num="40" count="47" type="stmt"/>
      <line num="42" count="47" type="cond" truecount="2" falsecount="0"/>
      <line num="43" count="46" type="stmt"/>
      <line num="47" count="1" type="stmt"/>
    </file>
  </project>
</coverage>
