TN:
SF:cypress\integration\e2e\index.spec.js
FN:1,(anonymous_0)
FN:2,(anonymous_1)
FN:5,(anonymous_2)
FN:6,(anonymous_3)
FN:12,(anonymous_4)
FN:15,(anonymous_5)
FN:32,(anonymous_6)
FNF:7
FNH:7
FNDA:1,(anonymous_0)
FNDA:1,(anonymous_1)
FNDA:1,(anonymous_2)
FNDA:1,(anonymous_3)
FNDA:94,(anonymous_4)
FNDA:47,(anonymous_5)
FNDA:47,(anonymous_6)
DA:1,1
DA:2,1
DA:3,1
DA:6,1
DA:7,1
DA:8,1
DA:10,1
DA:12,1
DA:13,94
DA:15,1
DA:16,47
DA:17,47
DA:19,47
DA:21,47
DA:23,47
DA:24,47
DA:26,47
DA:27,47
DA:29,47
DA:30,47
DA:32,47
DA:33,47
DA:34,47
DA:35,47
DA:38,47
DA:39,47
DA:40,47
DA:42,47
DA:43,46
DA:47,1
LF:30
LH:30
BRDA:42,0,0,46
BRDA:42,0,1,1
BRF:2
BRH:2
end_of_record
