TN:
SF:cypress\integration\e2e\index.spec.js
FN:1,(anonymous_0)
FN:2,(anonymous_1)
FN:5,(anonymous_2)
FN:6,(anonymous_3)
FN:12,(anonymous_4)
FN:15,(anonymous_5)
FN:18,(anonymous_6)
FNF:7
FNH:7
FNDA:1,(anonymous_0)
FNDA:1,(anonymous_1)
FNDA:1,(anonymous_2)
FNDA:1,(anonymous_3)
FNDA:100,(anonymous_4)
FNDA:51,(anonymous_5)
FNDA:50,(anonymous_6)
DA:1,1
DA:2,1
DA:3,1
DA:6,1
DA:7,1
DA:8,1
DA:10,1
DA:12,1
DA:13,100
DA:15,1
DA:16,51
DA:17,51
DA:18,51
DA:19,50
DA:20,50
DA:21,50
DA:22,50
DA:24,50
DA:25,50
DA:29,1
LF:20
LH:20
BRDA:24,0,0,50
BRDA:24,0,1,0
BRF:2
BRH:1
end_of_record
