{"D:\\work\\self\\vis-three\\cypress\\integration\\e2e\\index.spec.js": {"path":"D:\\work\\self\\vis-three\\cypress\\integration\\e2e\\index.spec.js","statementMap":{"0":{"start":{"line":1,"column":0},"end":{"line":33,"column":3}},"1":{"start":{"line":2,"column":2},"end":{"line":32,"column":5}},"2":{"start":{"line":3,"column":4},"end":{"line":31,"column":9}},"3":{"start":{"line":6,"column":8},"end":{"line":30,"column":11}},"4":{"start":{"line":7,"column":22},"end":{"line":7,"column":32}},"5":{"start":{"line":8,"column":10},"end":{"line":8,"column":22}},"6":{"start":{"line":10,"column":22},"end":{"line":10,"column":23}},"7":{"start":{"line":12,"column":10},"end":{"line":14,"column":13}},"8":{"start":{"line":13,"column":12},"end":{"line":13,"column":60}},"9":{"start":{"line":15,"column":23},"end":{"line":28,"column":11}},"10":{"start":{"line":16,"column":12},"end":{"line":16,"column":25}},"11":{"start":{"line":17,"column":12},"end":{"line":17,"column":73}},"12":{"start":{"line":18,"column":12},"end":{"line":27,"column":15}},"13":{"start":{"line":19,"column":14},"end":{"line":19,"column":62}},"14":{"start":{"line":20,"column":14},"end":{"line":20,"column":27}},"15":{"start":{"line":21,"column":14},"end":{"line":21,"column":28}},"16":{"start":{"line":22,"column":14},"end":{"line":22,"column":25}},"17":{"start":{"line":24,"column":14},"end":{"line":26,"column":15}},"18":{"start":{"line":25,"column":16},"end":{"line":25,"column":23}},"19":{"start":{"line":29,"column":10},"end":{"line":29,"column":17}}},"fnMap":{"0":{"name":"(anonymous_0)","decl":{"start":{"line":1,"column":23},"end":{"line":1,"column":24}},"loc":{"start":{"line":1,"column":29},"end":{"line":33,"column":1}},"line":1},"1":{"name":"(anonymous_1)","decl":{"start":{"line":2,"column":36},"end":{"line":2,"column":37}},"loc":{"start":{"line":2,"column":42},"end":{"line":32,"column":3}},"line":2},"2":{"name":"(anonymous_2)","decl":{"start":{"line":5,"column":12},"end":{"line":5,"column":13}},"loc":{"start":{"line":5,"column":18},"end":{"line":31,"column":7}},"line":5},"3":{"name":"(anonymous_3)","decl":{"start":{"line":6,"column":41},"end":{"line":6,"column":42}},"loc":{"start":{"line":6,"column":50},"end":{"line":30,"column":9}},"line":6},"4":{"name":"(anonymous_4)","decl":{"start":{"line":12,"column":43},"end":{"line":12,"column":44}},"loc":{"start":{"line":12,"column":52},"end":{"line":14,"column":11}},"line":12},"5":{"name":"(anonymous_5)","decl":{"start":{"line":15,"column":23},"end":{"line":15,"column":24}},"loc":{"start":{"line":15,"column":29},"end":{"line":28,"column":11}},"line":15},"6":{"name":"(anonymous_6)","decl":{"start":{"line":18,"column":29},"end":{"line":18,"column":30}},"loc":{"start":{"line":18,"column":38},"end":{"line":27,"column":13}},"line":18}},"branchMap":{"0":{"loc":{"start":{"line":24,"column":14},"end":{"line":26,"column":15}},"type":"if","locations":[{"start":{"line":24,"column":14},"end":{"line":26,"column":15}},{"start":{},"end":{}}],"line":24}},"s":{"0":1,"1":1,"2":1,"3":1,"4":1,"5":1,"6":1,"7":1,"8":134,"9":1,"10":67,"11":67,"12":67,"13":67,"14":67,"15":67,"16":67,"17":67,"18":66,"19":1},"f":{"0":1,"1":1,"2":1,"3":1,"4":134,"5":67,"6":67},"b":{"0":[66,1]},"_coverageSchema":"1a1c01bbd47fc00a2c39e90264f33305004495a9","hash":"3839547253ca05dcc51a98d62dc7983458c7de02"}
}
